cabal: Entering directory '/var/folders/jr/fxbzfdr93t55nss4llgwbxtm0000gn/T/cabal-tmp-50866/clock-0.7.2'
Configuring clock-0.7.2...
Building clock-0.7.2...
Preprocessing library clock-0.7.2...
Clock.hsc:44:9: warning: 'hsc_alignment' macro redefined [-Wmacro-redefined]
#define hsc_alignment(t ) hsc_printf ( "%lu", (unsigned long)offsetof(struct {char x__; t (y__); }, y__));
        ^
/Library/Frameworks/GHC.framework/Versions/8.0.1-x86_64/usr/lib/ghc-8.0.1/template-hsc.h:88:9: note: previous definition is here
#define hsc_alignment(t...) \
        ^
1 warning generated.
[1 of 1] Compiling System.Clock     ( dist/dist-sandbox-57458922/build/System/Clock.hs, dist/dist-sandbox-57458922/build/System/Clock.o )

System/Clock.hsc:136:1: warning: [-Wincomplete-patterns]
    Pattern match(es) are non-exhaustive
    In an equation for ‘clockToConst’:
        Patterns not matched: MonotonicRaw
[1 of 1] Compiling System.Clock     ( dist/dist-sandbox-57458922/build/System/Clock.hs, dist/dist-sandbox-57458922/build/System/Clock.p_o )

System/Clock.hsc:136:1: warning: [-Wincomplete-patterns]
    Pattern match(es) are non-exhaustive
    In an equation for ‘clockToConst’:
        Patterns not matched: MonotonicRaw
Running Haddock for clock-0.7.2...
Preprocessing library clock-0.7.2...
Haddock coverage:
 100% (  9 /  9) in 'System.Clock'
Documentation created: dist/dist-sandbox-57458922/doc/html/clock/index.html
Creating package registration file:
/var/folders/jr/fxbzfdr93t55nss4llgwbxtm0000gn/T/pkgConf-clock-0.71108728549685118024.2
Installing library in
/Users/michaelcalvey/code/exp/learn_haskell/haq/.cabal-sandbox/lib/x86_64-osx-ghc-8.0.1/clock-0.7.2-bxVecpUqndAMeayDi5R9Y
Registering clock-0.7.2...
cabal: Leaving directory '/var/folders/jr/fxbzfdr93t55nss4llgwbxtm0000gn/T/cabal-tmp-50866/clock-0.7.2'
