cabal: Entering directory '/var/folders/jr/fxbzfdr93t55nss4llgwbxtm0000gn/T/cabal-tmp-50866/hashable-1.2.4.0'
Configuring hashable-1.2.4.0...
Building hashable-1.2.4.0...
Preprocessing library hashable-1.2.4.0...
[1 of 3] Compiling Data.Hashable.Class ( Data/Hashable/Class.hs, dist/dist-sandbox-57458922/build/Data/Hashable/Class.o )

Data/Hashable/Class.hs:460:28: warning: [-Wdeprecations]
    In the use of ‘inlinePerformIO’
    (imported from Data.ByteString.Internal):
    Deprecated: "If you think you know what you are doing, use 'unsafePerformIO'. If you are sure you know what you are doing, use 'unsafeDupablePerformIO'. If you enjoy sharing an address space with a malevolent agent of chaos, try 'accursedUnutterablePerformIO'."
[2 of 3] Compiling Data.Hashable.Generic ( Data/Hashable/Generic.hs, dist/dist-sandbox-57458922/build/Data/Hashable/Generic.o )
[3 of 3] Compiling Data.Hashable    ( Data/Hashable.hs, dist/dist-sandbox-57458922/build/Data/Hashable.o )
[1 of 3] Compiling Data.Hashable.Class ( Data/Hashable/Class.hs, dist/dist-sandbox-57458922/build/Data/Hashable/Class.p_o )

Data/Hashable/Class.hs:460:28: warning: [-Wdeprecations]
    In the use of ‘inlinePerformIO’
    (imported from Data.ByteString.Internal):
    Deprecated: "If you think you know what you are doing, use 'unsafePerformIO'. If you are sure you know what you are doing, use 'unsafeDupablePerformIO'. If you enjoy sharing an address space with a malevolent agent of chaos, try 'accursedUnutterablePerformIO'."
[2 of 3] Compiling Data.Hashable.Generic ( Data/Hashable/Generic.hs, dist/dist-sandbox-57458922/build/Data/Hashable/Generic.p_o )
[3 of 3] Compiling Data.Hashable    ( Data/Hashable.hs, dist/dist-sandbox-57458922/build/Data/Hashable.p_o )
Running Haddock for hashable-1.2.4.0...
Preprocessing library hashable-1.2.4.0...

Data/Hashable/Class.hs:460:28: warning: [-Wdeprecations]
    In the use of ‘inlinePerformIO’
    (imported from Data.ByteString.Internal):
    Deprecated: "If you think you know what you are doing, use 'unsafePerformIO'. If you are sure you know what you are doing, use 'unsafeDupablePerformIO'. If you enjoy sharing an address space with a malevolent agent of chaos, try 'accursedUnutterablePerformIO'."
Haddock coverage:
 100% ( 11 / 11) in 'Data.Hashable.Class'
 100% (  1 /  1) in 'Data.Hashable.Generic'
 100% ( 22 / 22) in 'Data.Hashable'
Warning: Data.Hashable: could not find link destinations for:
    GHashable
Documentation created: dist/dist-sandbox-57458922/doc/html/hashable/index.html
Creating package registration file:
/var/folders/jr/fxbzfdr93t55nss4llgwbxtm0000gn/T/pkgConf-hashable-1.2.4578354438892053144.0
Installing library in
/Users/michaelcalvey/code/exp/learn_haskell/haq/.cabal-sandbox/lib/x86_64-osx-ghc-8.0.1/hashable-1.2.4.0-Ctl752zbguF6QanxurLOm2
Registering hashable-1.2.4.0...
cabal: Leaving directory '/var/folders/jr/fxbzfdr93t55nss4llgwbxtm0000gn/T/cabal-tmp-50866/hashable-1.2.4.0'
