cabal: Entering directory '/var/folders/jr/fxbzfdr93t55nss4llgwbxtm0000gn/T/cabal-tmp-50868/hscolour-1.24.1'
Configuring hscolour-1.24.1...
Building hscolour-1.24.1...
Preprocessing library hscolour-1.24.1...
[ 1 of 16] Compiling Language.Haskell.HsColour.General ( Language/Haskell/HsColour/General.hs, dist/dist-sandbox-57458922/build/Language/Haskell/HsColour/General.o )
[ 2 of 16] Compiling Language.Haskell.HsColour.Classify ( Language/Haskell/HsColour/Classify.hs, dist/dist-sandbox-57458922/build/Language/Haskell/HsColour/Classify.o )

Language/Haskell/HsColour/Classify.hs:52:18: warning: [-Wtabs]
    Tab character found here, and in six further locations.
    Please use spaces instead.
[ 3 of 16] Compiling Language.Haskell.HsColour.Anchors ( Language/Haskell/HsColour/Anchors.hs, dist/dist-sandbox-57458922/build/Language/Haskell/HsColour/Anchors.o )

Language/Haskell/HsColour/Anchors.hs:73:1: warning: [-Wtabs]
    Tab character found here, and in four further locations.
    Please use spaces instead.
[ 4 of 16] Compiling Language.Haskell.HsColour.ColourHighlight ( Language/Haskell/HsColour/ColourHighlight.hs, dist/dist-sandbox-57458922/build/Language/Haskell/HsColour/ColourHighlight.o )
[ 5 of 16] Compiling Language.Haskell.HsColour.Output ( Language/Haskell/HsColour/Output.hs, dist/dist-sandbox-57458922/build/Language/Haskell/HsColour/Output.o )
[ 6 of 16] Compiling Language.Haskell.HsColour.ANSI ( Language/Haskell/HsColour/ANSI.hs, dist/dist-sandbox-57458922/build/Language/Haskell/HsColour/ANSI.o )

Language/Haskell/HsColour/ANSI.hs:62:10: warning: [-Wmissing-methods]
    • No explicit implementation for
        ‘toEnum’
    • In the instance declaration for ‘Enum Highlight’
[ 7 of 16] Compiling Language.Haskell.HsColour.Options ( Language/Haskell/HsColour/Options.hs, dist/dist-sandbox-57458922/build/Language/Haskell/HsColour/Options.o )

Language/Haskell/HsColour/Options.hs:11:9: warning: [-Wtabs]
    Tab character found here, and in 12 further locations.
    Please use spaces instead.
[ 8 of 16] Compiling Language.Haskell.HsColour.Colourise ( Language/Haskell/HsColour/Colourise.hs, dist/dist-sandbox-57458922/build/Language/Haskell/HsColour/Colourise.o )
[ 9 of 16] Compiling Language.Haskell.HsColour.TTY ( Language/Haskell/HsColour/TTY.hs, dist/dist-sandbox-57458922/build/Language/Haskell/HsColour/TTY.o )
[10 of 16] Compiling Language.Haskell.HsColour.HTML ( Language/Haskell/HsColour/HTML.hs, dist/dist-sandbox-57458922/build/Language/Haskell/HsColour/HTML.o )
[11 of 16] Compiling Language.Haskell.HsColour.CSS ( Language/Haskell/HsColour/CSS.hs, dist/dist-sandbox-57458922/build/Language/Haskell/HsColour/CSS.o )
[12 of 16] Compiling Language.Haskell.HsColour.ACSS ( Language/Haskell/HsColour/ACSS.hs, dist/dist-sandbox-57458922/build/Language/Haskell/HsColour/ACSS.o )
[13 of 16] Compiling Language.Haskell.HsColour.InlineCSS ( Language/Haskell/HsColour/InlineCSS.hs, dist/dist-sandbox-57458922/build/Language/Haskell/HsColour/InlineCSS.o )

Language/Haskell/HsColour/InlineCSS.hs:12:24: warning: [-Wtabs]
    Tab character found here.
    Please use spaces instead.
[14 of 16] Compiling Language.Haskell.HsColour.LaTeX ( Language/Haskell/HsColour/LaTeX.hs, dist/dist-sandbox-57458922/build/Language/Haskell/HsColour/LaTeX.o )
[15 of 16] Compiling Language.Haskell.HsColour.MIRC ( Language/Haskell/HsColour/MIRC.hs, dist/dist-sandbox-57458922/build/Language/Haskell/HsColour/MIRC.o )
[16 of 16] Compiling Language.Haskell.HsColour ( Language/Haskell/HsColour.hs, dist/dist-sandbox-57458922/build/Language/Haskell/HsColour.o )

Language/Haskell/HsColour.hs:37:19: warning: [-Wtabs]
    Tab character found here, and in two further locations.
    Please use spaces instead.
[ 1 of 16] Compiling Language.Haskell.HsColour.General ( Language/Haskell/HsColour/General.hs, dist/dist-sandbox-57458922/build/Language/Haskell/HsColour/General.p_o )
[ 2 of 16] Compiling Language.Haskell.HsColour.Classify ( Language/Haskell/HsColour/Classify.hs, dist/dist-sandbox-57458922/build/Language/Haskell/HsColour/Classify.p_o )

Language/Haskell/HsColour/Classify.hs:52:18: warning: [-Wtabs]
    Tab character found here, and in six further locations.
    Please use spaces instead.
[ 3 of 16] Compiling Language.Haskell.HsColour.Anchors ( Language/Haskell/HsColour/Anchors.hs, dist/dist-sandbox-57458922/build/Language/Haskell/HsColour/Anchors.p_o )

Language/Haskell/HsColour/Anchors.hs:73:1: warning: [-Wtabs]
    Tab character found here, and in four further locations.
    Please use spaces instead.
[ 4 of 16] Compiling Language.Haskell.HsColour.ColourHighlight ( Language/Haskell/HsColour/ColourHighlight.hs, dist/dist-sandbox-57458922/build/Language/Haskell/HsColour/ColourHighlight.p_o )
[ 5 of 16] Compiling Language.Haskell.HsColour.Output ( Language/Haskell/HsColour/Output.hs, dist/dist-sandbox-57458922/build/Language/Haskell/HsColour/Output.p_o )
[ 6 of 16] Compiling Language.Haskell.HsColour.ANSI ( Language/Haskell/HsColour/ANSI.hs, dist/dist-sandbox-57458922/build/Language/Haskell/HsColour/ANSI.p_o )

Language/Haskell/HsColour/ANSI.hs:62:10: warning: [-Wmissing-methods]
    • No explicit implementation for
        ‘toEnum’
    • In the instance declaration for ‘Enum Highlight’
[ 7 of 16] Compiling Language.Haskell.HsColour.Options ( Language/Haskell/HsColour/Options.hs, dist/dist-sandbox-57458922/build/Language/Haskell/HsColour/Options.p_o )

Language/Haskell/HsColour/Options.hs:11:9: warning: [-Wtabs]
    Tab character found here, and in 12 further locations.
    Please use spaces instead.
[ 8 of 16] Compiling Language.Haskell.HsColour.Colourise ( Language/Haskell/HsColour/Colourise.hs, dist/dist-sandbox-57458922/build/Language/Haskell/HsColour/Colourise.p_o )
[ 9 of 16] Compiling Language.Haskell.HsColour.TTY ( Language/Haskell/HsColour/TTY.hs, dist/dist-sandbox-57458922/build/Language/Haskell/HsColour/TTY.p_o )
[10 of 16] Compiling Language.Haskell.HsColour.HTML ( Language/Haskell/HsColour/HTML.hs, dist/dist-sandbox-57458922/build/Language/Haskell/HsColour/HTML.p_o )
[11 of 16] Compiling Language.Haskell.HsColour.CSS ( Language/Haskell/HsColour/CSS.hs, dist/dist-sandbox-57458922/build/Language/Haskell/HsColour/CSS.p_o )
[12 of 16] Compiling Language.Haskell.HsColour.ACSS ( Language/Haskell/HsColour/ACSS.hs, dist/dist-sandbox-57458922/build/Language/Haskell/HsColour/ACSS.p_o )
[13 of 16] Compiling Language.Haskell.HsColour.InlineCSS ( Language/Haskell/HsColour/InlineCSS.hs, dist/dist-sandbox-57458922/build/Language/Haskell/HsColour/InlineCSS.p_o )

Language/Haskell/HsColour/InlineCSS.hs:12:24: warning: [-Wtabs]
    Tab character found here.
    Please use spaces instead.
[14 of 16] Compiling Language.Haskell.HsColour.LaTeX ( Language/Haskell/HsColour/LaTeX.hs, dist/dist-sandbox-57458922/build/Language/Haskell/HsColour/LaTeX.p_o )
[15 of 16] Compiling Language.Haskell.HsColour.MIRC ( Language/Haskell/HsColour/MIRC.hs, dist/dist-sandbox-57458922/build/Language/Haskell/HsColour/MIRC.p_o )
[16 of 16] Compiling Language.Haskell.HsColour ( Language/Haskell/HsColour.hs, dist/dist-sandbox-57458922/build/Language/Haskell/HsColour.p_o )

Language/Haskell/HsColour.hs:37:19: warning: [-Wtabs]
    Tab character found here, and in two further locations.
    Please use spaces instead.
Preprocessing executable 'HsColour' for hscolour-1.24.1...
[ 1 of 17] Compiling Language.Haskell.HsColour.Output ( Language/Haskell/HsColour/Output.hs, dist/dist-sandbox-57458922/build/HsColour/HsColour-tmp/Language/Haskell/HsColour/Output.o )
[ 2 of 17] Compiling Language.Haskell.HsColour.Options ( Language/Haskell/HsColour/Options.hs, dist/dist-sandbox-57458922/build/HsColour/HsColour-tmp/Language/Haskell/HsColour/Options.o )

Language/Haskell/HsColour/Options.hs:11:9: warning: [-Wtabs]
    Tab character found here, and in 12 further locations.
    Please use spaces instead.
[ 3 of 17] Compiling Language.Haskell.HsColour.General ( Language/Haskell/HsColour/General.hs, dist/dist-sandbox-57458922/build/HsColour/HsColour-tmp/Language/Haskell/HsColour/General.o )
[ 4 of 17] Compiling Language.Haskell.HsColour.ColourHighlight ( Language/Haskell/HsColour/ColourHighlight.hs, dist/dist-sandbox-57458922/build/HsColour/HsColour-tmp/Language/Haskell/HsColour/ColourHighlight.o )
[ 5 of 17] Compiling Language.Haskell.HsColour.Classify ( Language/Haskell/HsColour/Classify.hs, dist/dist-sandbox-57458922/build/HsColour/HsColour-tmp/Language/Haskell/HsColour/Classify.o )

Language/Haskell/HsColour/Classify.hs:52:18: warning: [-Wtabs]
    Tab character found here, and in six further locations.
    Please use spaces instead.
[ 6 of 17] Compiling Language.Haskell.HsColour.Colourise ( Language/Haskell/HsColour/Colourise.hs, dist/dist-sandbox-57458922/build/HsColour/HsColour-tmp/Language/Haskell/HsColour/Colourise.o )
[ 7 of 17] Compiling Language.Haskell.HsColour.LaTeX ( Language/Haskell/HsColour/LaTeX.hs, dist/dist-sandbox-57458922/build/HsColour/HsColour-tmp/Language/Haskell/HsColour/LaTeX.o )
[ 8 of 17] Compiling Language.Haskell.HsColour.MIRC ( Language/Haskell/HsColour/MIRC.hs, dist/dist-sandbox-57458922/build/HsColour/HsColour-tmp/Language/Haskell/HsColour/MIRC.o )
[ 9 of 17] Compiling Language.Haskell.HsColour.Anchors ( Language/Haskell/HsColour/Anchors.hs, dist/dist-sandbox-57458922/build/HsColour/HsColour-tmp/Language/Haskell/HsColour/Anchors.o )

Language/Haskell/HsColour/Anchors.hs:73:1: warning: [-Wtabs]
    Tab character found here, and in four further locations.
    Please use spaces instead.
[10 of 17] Compiling Language.Haskell.HsColour.HTML ( Language/Haskell/HsColour/HTML.hs, dist/dist-sandbox-57458922/build/HsColour/HsColour-tmp/Language/Haskell/HsColour/HTML.o )
[11 of 17] Compiling Language.Haskell.HsColour.CSS ( Language/Haskell/HsColour/CSS.hs, dist/dist-sandbox-57458922/build/HsColour/HsColour-tmp/Language/Haskell/HsColour/CSS.o )
[12 of 17] Compiling Language.Haskell.HsColour.ACSS ( Language/Haskell/HsColour/ACSS.hs, dist/dist-sandbox-57458922/build/HsColour/HsColour-tmp/Language/Haskell/HsColour/ACSS.o )
[13 of 17] Compiling Language.Haskell.HsColour.InlineCSS ( Language/Haskell/HsColour/InlineCSS.hs, dist/dist-sandbox-57458922/build/HsColour/HsColour-tmp/Language/Haskell/HsColour/InlineCSS.o )

Language/Haskell/HsColour/InlineCSS.hs:12:24: warning: [-Wtabs]
    Tab character found here.
    Please use spaces instead.
[14 of 17] Compiling Language.Haskell.HsColour.ANSI ( Language/Haskell/HsColour/ANSI.hs, dist/dist-sandbox-57458922/build/HsColour/HsColour-tmp/Language/Haskell/HsColour/ANSI.o )

Language/Haskell/HsColour/ANSI.hs:62:10: warning: [-Wmissing-methods]
    • No explicit implementation for
        ‘toEnum’
    • In the instance declaration for ‘Enum Highlight’
[15 of 17] Compiling Language.Haskell.HsColour.TTY ( Language/Haskell/HsColour/TTY.hs, dist/dist-sandbox-57458922/build/HsColour/HsColour-tmp/Language/Haskell/HsColour/TTY.o )
[16 of 17] Compiling Language.Haskell.HsColour ( Language/Haskell/HsColour.hs, dist/dist-sandbox-57458922/build/HsColour/HsColour-tmp/Language/Haskell/HsColour.o )

Language/Haskell/HsColour.hs:37:19: warning: [-Wtabs]
    Tab character found here, and in two further locations.
    Please use spaces instead.
[17 of 17] Compiling Main             ( HsColour.hs, dist/dist-sandbox-57458922/build/HsColour/HsColour-tmp/Main.o )

HsColour.hs:71:1: warning: [-Wtabs]
    Tab character found here, and in two further locations.
    Please use spaces instead.
Linking dist/dist-sandbox-57458922/build/HsColour/HsColour ...
Running Haddock for hscolour-1.24.1...
Preprocessing library hscolour-1.24.1...

Language/Haskell/HsColour/Classify.hs:52:18: warning: [-Wtabs]
    Tab character found here, and in six further locations.
    Please use spaces instead.

Language/Haskell/HsColour/Anchors.hs:73:1: warning: [-Wtabs]
    Tab character found here, and in four further locations.
    Please use spaces instead.

Language/Haskell/HsColour/ANSI.hs:62:10: warning: [-Wmissing-methods]
    • No explicit implementation for
        ‘toEnum’
    • In the instance declaration for ‘Enum Highlight’

Language/Haskell/HsColour/Options.hs:11:9: warning: [-Wtabs]
    Tab character found here, and in 12 further locations.
    Please use spaces instead.

Language/Haskell/HsColour/InlineCSS.hs:12:24: warning: [-Wtabs]
    Tab character found here.
    Please use spaces instead.

Language/Haskell/HsColour.hs:37:19: warning: [-Wtabs]
    Tab character found here, and in two further locations.
    Please use spaces instead.
Haddock coverage:
   0% (  0 /  3) in 'Language.Haskell.HsColour.General'
  Missing documentation for:
    Module header
    dropLast (Language/Haskell/HsColour/General.hs:7)
    dropFirst (Language/Haskell/HsColour/General.hs:13)
  67% (  2 /  3) in 'Language.Haskell.HsColour.Classify'
  Missing documentation for:
    Module header
  50% (  1 /  2) in 'Language.Haskell.HsColour.Anchors'
  Missing documentation for:
    Module header
  88% (  7 /  8) in 'Language.Haskell.HsColour.ColourHighlight'
  Missing documentation for:
    Module header
  33% (  1 /  3) in 'Language.Haskell.HsColour.Output'
  Missing documentation for:
    Module header
    TerminalType (Language/Haskell/HsColour/Output.hs:3)
  37% ( 10 / 27) in 'Language.Haskell.HsColour.ANSI'
  Missing documentation for:
    highlightOnG (Language/Haskell/HsColour/ANSI.hs:91)
    highlightOff (Language/Haskell/HsColour/ANSI.hs:96)
    cleareol (Language/Haskell/HsColour/ANSI.hs:46)
    clearbol (Language/Haskell/HsColour/ANSI.hs:47)
    clearline (Language/Haskell/HsColour/ANSI.hs:48)
    clearDown (Language/Haskell/HsColour/ANSI.hs:49)
    clearUp (Language/Haskell/HsColour/ANSI.hs:50)
    cursorUp (Language/Haskell/HsColour/ANSI.hs:41)
    cursorDown (Language/Haskell/HsColour/ANSI.hs:42)
    cursorLeft (Language/Haskell/HsColour/ANSI.hs:44)
    cursorRight (Language/Haskell/HsColour/ANSI.hs:43)
    savePosition (Language/Haskell/HsColour/ANSI.hs:55)
    restorePosition (Language/Haskell/HsColour/ANSI.hs:56)
    scrollUp (Language/Haskell/HsColour/ANSI.hs:118)
    scrollDown (Language/Haskell/HsColour/ANSI.hs:116)
    lineWrap (Language/Haskell/HsColour/ANSI.hs:122)
    TerminalType (Language/Haskell/HsColour/Output.hs:3)
  50% (  2 /  4) in 'Language.Haskell.HsColour.Options'
  Missing documentation for:
    Module header
    TerminalType (Language/Haskell/HsColour/Output.hs:3)
  67% (  4 /  6) in 'Language.Haskell.HsColour.Colourise'
  Missing documentation for:
    Module header
    defaultColourPrefs (Language/Haskell/HsColour/Colourise.hs:27)
 100% (  3 /  3) in 'Language.Haskell.HsColour.TTY'
  38% (  3 /  8) in 'Language.Haskell.HsColour.HTML'
  Missing documentation for:
    top'n'tail (Language/Haskell/HsColour/HTML.hs:31)
    renderAnchors (Language/Haskell/HsColour/HTML.hs:41)
    renderComment (Language/Haskell/HsColour/HTML.hs:47)
    renderNewLinesAnchors (Language/Haskell/HsColour/HTML.hs:59)
    escape (Language/Haskell/HsColour/HTML.hs:82)
  40% (  2 /  5) in 'Language.Haskell.HsColour.CSS'
  Missing documentation for:
    top'n'tail (Language/Haskell/HsColour/CSS.hs:29)
    renderToken (Language/Haskell/HsColour/CSS.hs:35)
    pre (Language/Haskell/HsColour/CSS.hs:32)
  43% (  3 /  7) in 'Language.Haskell.HsColour.ACSS'
  Missing documentation for:
    AnnMap (Language/Haskell/HsColour/ACSS.hs:24)
    Loc (Language/Haskell/HsColour/ACSS.hs:25)
    breakS (Language/Haskell/HsColour/ACSS.hs:117)
    srcModuleName (Language/Haskell/HsColour/ACSS.hs:107)
  67% (  2 /  3) in 'Language.Haskell.HsColour.InlineCSS'
  Missing documentation for:
    top'n'tail (Language/Haskell/HsColour/InlineCSS.hs:27)
  67% (  2 /  3) in 'Language.Haskell.HsColour.LaTeX'
  Missing documentation for:
    top'n'tail (Language/Haskell/HsColour/LaTeX.hs:15)
 100% (  2 /  2) in 'Language.Haskell.HsColour.MIRC'
 100% (  4 /  4) in 'Language.Haskell.HsColour'
Warning: Language.Haskell.HsColour.Anchors: could not find link destinations for:
    Anchor
Documentation created: dist/dist-sandbox-57458922/doc/html/hscolour/index.html
Preprocessing executable 'HsColour' for hscolour-1.24.1...
Creating package registration file:
/var/folders/jr/fxbzfdr93t55nss4llgwbxtm0000gn/T/pkgConf-hscolour-1.241777724115269220094.1
Installing library in
/Users/michaelcalvey/code/exp/learn_haskell/haq/.cabal-sandbox/lib/x86_64-osx-ghc-8.0.1/hscolour-1.24.1-H2EUF2muHY0JRKOYWigHLc
Installing executable(s) in
/Users/michaelcalvey/code/exp/learn_haskell/haq/.cabal-sandbox/bin
Registering hscolour-1.24.1...
cabal: Leaving directory '/var/folders/jr/fxbzfdr93t55nss4llgwbxtm0000gn/T/cabal-tmp-50868/hscolour-1.24.1'
