cabal: Entering directory '/var/folders/jr/fxbzfdr93t55nss4llgwbxtm0000gn/T/cabal-tmp-50865/polyparse-1.12'
Configuring polyparse-1.12...
Building polyparse-1.12...
Preprocessing library polyparse-1.12...
[ 1 of 18] Compiling Text.ParserCombinators.Poly.Result ( src/Text/ParserCombinators/Poly/Result.hs, dist/dist-sandbox-57458922/build/Text/ParserCombinators/Poly/Result.o )

src/Text/ParserCombinators/Poly/Result.hs:3:15: warning: [-Wtabs]
    Tab character found here.
    Please use spaces instead.
[ 2 of 18] Compiling Text.ParserCombinators.Poly.Base ( src/Text/ParserCombinators/Poly/Base.hs, dist/dist-sandbox-57458922/build/Text/ParserCombinators/Poly/Base.o )

src/Text/ParserCombinators/Poly/Base.hs:3:19: warning: [-Wtabs]
    Tab character found here, and in 14 further locations.
    Please use spaces instead.
[ 3 of 18] Compiling Text.ParserCombinators.Poly.Parser ( src/Text/ParserCombinators/Poly/Parser.hs, dist/dist-sandbox-57458922/build/Text/ParserCombinators/Poly/Parser.o )

src/Text/ParserCombinators/Poly/Parser.hs:7:14: warning: [-Wtabs]
    Tab character found here, and in 8 further locations.
    Please use spaces instead.
[ 4 of 18] Compiling Text.ParserCombinators.Poly.Lazy ( src/Text/ParserCombinators/Poly/Lazy.hs, dist/dist-sandbox-57458922/build/Text/ParserCombinators/Poly/Lazy.o )

src/Text/ParserCombinators/Poly/Lazy.hs:4:14: warning: [-Wtabs]
    Tab character found here, and in 8 further locations.
    Please use spaces instead.
[ 5 of 18] Compiling Text.ParserCombinators.Poly.StateParser ( src/Text/ParserCombinators/Poly/StateParser.hs, dist/dist-sandbox-57458922/build/Text/ParserCombinators/Poly/StateParser.o )

src/Text/ParserCombinators/Poly/StateParser.hs:7:14: warning: [-Wtabs]
    Tab character found here, and in 7 further locations.
    Please use spaces instead.
[ 6 of 18] Compiling Text.ParserCombinators.Poly.State ( src/Text/ParserCombinators/Poly/State.hs, dist/dist-sandbox-57458922/build/Text/ParserCombinators/Poly/State.o )

src/Text/ParserCombinators/Poly/State.hs:3:14: warning: [-Wtabs]
    Tab character found here, and in 8 further locations.
    Please use spaces instead.
[ 7 of 18] Compiling Text.ParserCombinators.Poly.StateLazy ( src/Text/ParserCombinators/Poly/StateLazy.hs, dist/dist-sandbox-57458922/build/Text/ParserCombinators/Poly/StateLazy.o )

src/Text/ParserCombinators/Poly/StateLazy.hs:4:14: warning: [-Wtabs]
    Tab character found here, and in 8 further locations.
    Please use spaces instead.
[ 8 of 18] Compiling Text.ParserCombinators.Poly.Lex ( src/Text/ParserCombinators/Poly/Lex.hs, dist/dist-sandbox-57458922/build/Text/ParserCombinators/Poly/Lex.o )

src/Text/ParserCombinators/Poly/Lex.hs:89:18: warning: [-Wtabs]
    Tab character found here.
    Please use spaces instead.
[ 9 of 18] Compiling Text.ParserCombinators.Poly.ByteString ( src/Text/ParserCombinators/Poly/ByteString.hs, dist/dist-sandbox-57458922/build/Text/ParserCombinators/Poly/ByteString.o )
[10 of 18] Compiling Text.ParserCombinators.Poly.ByteStringChar ( src/Text/ParserCombinators/Poly/ByteStringChar.hs, dist/dist-sandbox-57458922/build/Text/ParserCombinators/Poly/ByteStringChar.o )
[11 of 18] Compiling Text.Parse.ByteString ( src/Text/Parse/ByteString.hs, dist/dist-sandbox-57458922/build/Text/Parse/ByteString.o )

src/Text/Parse/ByteString.hs:5:15: warning: [-Wtabs]
    Tab character found here, and in 13 further locations.
    Please use spaces instead.
[12 of 18] Compiling Text.ParserCombinators.Poly.Text ( src/Text/ParserCombinators/Poly/Text.hs, dist/dist-sandbox-57458922/build/Text/ParserCombinators/Poly/Text.o )
[13 of 18] Compiling Text.ParserCombinators.Poly.StateText ( src/Text/ParserCombinators/Poly/StateText.hs, dist/dist-sandbox-57458922/build/Text/ParserCombinators/Poly/StateText.o )
[14 of 18] Compiling Text.ParserCombinators.Poly.Plain ( src/Text/ParserCombinators/Poly/Plain.hs, dist/dist-sandbox-57458922/build/Text/ParserCombinators/Poly/Plain.o )

src/Text/ParserCombinators/Poly/Plain.hs:3:14: warning: [-Wtabs]
    Tab character found here, and in 9 further locations.
    Please use spaces instead.
[15 of 18] Compiling Text.ParserCombinators.Poly ( src/Text/ParserCombinators/Poly.hs, dist/dist-sandbox-57458922/build/Text/ParserCombinators/Poly.o )
[16 of 18] Compiling Text.Parse       ( src/Text/Parse.hs, dist/dist-sandbox-57458922/build/Text/Parse.o )

src/Text/Parse.hs:4:15: warning: [-Wtabs]
    Tab character found here, and in 12 further locations.
    Please use spaces instead.
[17 of 18] Compiling Text.ParserCombinators.HuttonMeijerWallace ( src/Text/ParserCombinators/HuttonMeijerWallace.hs, dist/dist-sandbox-57458922/build/Text/ParserCombinators/HuttonMeijerWallace.o )
[18 of 18] Compiling Text.ParserCombinators.HuttonMeijer ( src/Text/ParserCombinators/HuttonMeijer.hs, dist/dist-sandbox-57458922/build/Text/ParserCombinators/HuttonMeijer.o )
[ 1 of 18] Compiling Text.ParserCombinators.Poly.Result ( src/Text/ParserCombinators/Poly/Result.hs, dist/dist-sandbox-57458922/build/Text/ParserCombinators/Poly/Result.p_o )

src/Text/ParserCombinators/Poly/Result.hs:3:15: warning: [-Wtabs]
    Tab character found here.
    Please use spaces instead.
[ 2 of 18] Compiling Text.ParserCombinators.Poly.Base ( src/Text/ParserCombinators/Poly/Base.hs, dist/dist-sandbox-57458922/build/Text/ParserCombinators/Poly/Base.p_o )

src/Text/ParserCombinators/Poly/Base.hs:3:19: warning: [-Wtabs]
    Tab character found here, and in 14 further locations.
    Please use spaces instead.
[ 3 of 18] Compiling Text.ParserCombinators.Poly.Parser ( src/Text/ParserCombinators/Poly/Parser.hs, dist/dist-sandbox-57458922/build/Text/ParserCombinators/Poly/Parser.p_o )

src/Text/ParserCombinators/Poly/Parser.hs:7:14: warning: [-Wtabs]
    Tab character found here, and in 8 further locations.
    Please use spaces instead.
[ 4 of 18] Compiling Text.ParserCombinators.Poly.Lazy ( src/Text/ParserCombinators/Poly/Lazy.hs, dist/dist-sandbox-57458922/build/Text/ParserCombinators/Poly/Lazy.p_o )

src/Text/ParserCombinators/Poly/Lazy.hs:4:14: warning: [-Wtabs]
    Tab character found here, and in 8 further locations.
    Please use spaces instead.
[ 5 of 18] Compiling Text.ParserCombinators.Poly.StateParser ( src/Text/ParserCombinators/Poly/StateParser.hs, dist/dist-sandbox-57458922/build/Text/ParserCombinators/Poly/StateParser.p_o )

src/Text/ParserCombinators/Poly/StateParser.hs:7:14: warning: [-Wtabs]
    Tab character found here, and in 7 further locations.
    Please use spaces instead.
[ 6 of 18] Compiling Text.ParserCombinators.Poly.State ( src/Text/ParserCombinators/Poly/State.hs, dist/dist-sandbox-57458922/build/Text/ParserCombinators/Poly/State.p_o )

src/Text/ParserCombinators/Poly/State.hs:3:14: warning: [-Wtabs]
    Tab character found here, and in 8 further locations.
    Please use spaces instead.
[ 7 of 18] Compiling Text.ParserCombinators.Poly.StateLazy ( src/Text/ParserCombinators/Poly/StateLazy.hs, dist/dist-sandbox-57458922/build/Text/ParserCombinators/Poly/StateLazy.p_o )

src/Text/ParserCombinators/Poly/StateLazy.hs:4:14: warning: [-Wtabs]
    Tab character found here, and in 8 further locations.
    Please use spaces instead.
[ 8 of 18] Compiling Text.ParserCombinators.Poly.Lex ( src/Text/ParserCombinators/Poly/Lex.hs, dist/dist-sandbox-57458922/build/Text/ParserCombinators/Poly/Lex.p_o )

src/Text/ParserCombinators/Poly/Lex.hs:89:18: warning: [-Wtabs]
    Tab character found here.
    Please use spaces instead.
[ 9 of 18] Compiling Text.ParserCombinators.Poly.ByteString ( src/Text/ParserCombinators/Poly/ByteString.hs, dist/dist-sandbox-57458922/build/Text/ParserCombinators/Poly/ByteString.p_o )
[10 of 18] Compiling Text.ParserCombinators.Poly.ByteStringChar ( src/Text/ParserCombinators/Poly/ByteStringChar.hs, dist/dist-sandbox-57458922/build/Text/ParserCombinators/Poly/ByteStringChar.p_o )
[11 of 18] Compiling Text.Parse.ByteString ( src/Text/Parse/ByteString.hs, dist/dist-sandbox-57458922/build/Text/Parse/ByteString.p_o )

src/Text/Parse/ByteString.hs:5:15: warning: [-Wtabs]
    Tab character found here, and in 13 further locations.
    Please use spaces instead.
[12 of 18] Compiling Text.ParserCombinators.Poly.Text ( src/Text/ParserCombinators/Poly/Text.hs, dist/dist-sandbox-57458922/build/Text/ParserCombinators/Poly/Text.p_o )
[13 of 18] Compiling Text.ParserCombinators.Poly.StateText ( src/Text/ParserCombinators/Poly/StateText.hs, dist/dist-sandbox-57458922/build/Text/ParserCombinators/Poly/StateText.p_o )
[14 of 18] Compiling Text.ParserCombinators.Poly.Plain ( src/Text/ParserCombinators/Poly/Plain.hs, dist/dist-sandbox-57458922/build/Text/ParserCombinators/Poly/Plain.p_o )

src/Text/ParserCombinators/Poly/Plain.hs:3:14: warning: [-Wtabs]
    Tab character found here, and in 9 further locations.
    Please use spaces instead.
[15 of 18] Compiling Text.ParserCombinators.Poly ( src/Text/ParserCombinators/Poly.hs, dist/dist-sandbox-57458922/build/Text/ParserCombinators/Poly.p_o )
[16 of 18] Compiling Text.Parse       ( src/Text/Parse.hs, dist/dist-sandbox-57458922/build/Text/Parse.p_o )

src/Text/Parse.hs:4:15: warning: [-Wtabs]
    Tab character found here, and in 12 further locations.
    Please use spaces instead.
[17 of 18] Compiling Text.ParserCombinators.HuttonMeijerWallace ( src/Text/ParserCombinators/HuttonMeijerWallace.hs, dist/dist-sandbox-57458922/build/Text/ParserCombinators/HuttonMeijerWallace.p_o )
[18 of 18] Compiling Text.ParserCombinators.HuttonMeijer ( src/Text/ParserCombinators/HuttonMeijer.hs, dist/dist-sandbox-57458922/build/Text/ParserCombinators/HuttonMeijer.p_o )
Running Haddock for polyparse-1.12...
Preprocessing library polyparse-1.12...

src/Text/ParserCombinators/Poly/Result.hs:3:15: warning: [-Wtabs]
    Tab character found here.
    Please use spaces instead.

src/Text/ParserCombinators/Poly/Base.hs:3:19: warning: [-Wtabs]
    Tab character found here, and in 14 further locations.
    Please use spaces instead.

src/Text/ParserCombinators/Poly/Parser.hs:7:14: warning: [-Wtabs]
    Tab character found here, and in 8 further locations.
    Please use spaces instead.

src/Text/ParserCombinators/Poly/Lazy.hs:4:14: warning: [-Wtabs]
    Tab character found here, and in 8 further locations.
    Please use spaces instead.

src/Text/ParserCombinators/Poly/StateParser.hs:7:14: warning: [-Wtabs]
    Tab character found here, and in 7 further locations.
    Please use spaces instead.

src/Text/ParserCombinators/Poly/State.hs:3:14: warning: [-Wtabs]
    Tab character found here, and in 8 further locations.
    Please use spaces instead.

src/Text/ParserCombinators/Poly/StateLazy.hs:4:14: warning: [-Wtabs]
    Tab character found here, and in 8 further locations.
    Please use spaces instead.

src/Text/ParserCombinators/Poly/Lex.hs:89:18: warning: [-Wtabs]
    Tab character found here.
    Please use spaces instead.

src/Text/Parse/ByteString.hs:5:15: warning: [-Wtabs]
    Tab character found here, and in 13 further locations.
    Please use spaces instead.

src/Text/ParserCombinators/Poly/Plain.hs:3:14: warning: [-Wtabs]
    Tab character found here, and in 9 further locations.
    Please use spaces instead.

src/Text/Parse.hs:4:15: warning: [-Wtabs]
    Tab character found here, and in 12 further locations.
    Please use spaces instead.
Haddock coverage:
  75% (  3 /  4) in 'Text.ParserCombinators.Poly.Result'
  Missing documentation for:
    Module header
  96% ( 23 / 24) in 'Text.ParserCombinators.Poly.Base'
  Missing documentation for:
    Module header
 100% ( 12 / 12) in 'Text.ParserCombinators.Poly.Parser'
  94% ( 15 / 16) in 'Text.ParserCombinators.Poly.Lazy'
  Missing documentation for:
    Module header
 100% ( 15 / 15) in 'Text.ParserCombinators.Poly.StateParser'
  95% ( 18 / 19) in 'Text.ParserCombinators.Poly.State'
  Missing documentation for:
    Module header
  90% ( 18 / 20) in 'Text.ParserCombinators.Poly.StateLazy'
  Missing documentation for:
    Module header
    manyFinally (src/Text/ParserCombinators/Poly/StateLazy.hs:139)
 100% ( 16 / 16) in 'Text.ParserCombinators.Poly.Lex'
  94% ( 16 / 17) in 'Text.ParserCombinators.Poly.ByteString'
  Missing documentation for:
    Module header
  94% ( 16 / 17) in 'Text.ParserCombinators.Poly.ByteStringChar'
  Missing documentation for:
    Module header
  97% ( 31 / 32) in 'Text.Parse.ByteString'
  Missing documentation for:
    Module header
  94% ( 17 / 18) in 'Text.ParserCombinators.Poly.Text'
  Missing documentation for:
    Module header
  95% ( 21 / 22) in 'Text.ParserCombinators.Poly.StateText'
  Missing documentation for:
    Module header
  94% ( 15 / 16) in 'Text.ParserCombinators.Poly.Plain'
  Missing documentation for:
    Module header
  50% (  1 /  2) in 'Text.ParserCombinators.Poly'
  Missing documentation for:
    Module header
  77% ( 23 / 30) in 'Text.Parse'
  Missing documentation for:
    Module header
    parseSigned (src/Text/Parse.hs:229)
    parseInt (src/Text/Parse.hs:234)
    parseDec (src/Text/Parse.hs:242)
    parseOct (src/Text/Parse.hs:242)
    parseHex (src/Text/Parse.hs:242)
    parseFloat (src/Text/Parse.hs:247)
  77% ( 24 / 31) in 'Text.ParserCombinators.HuttonMeijerWallace'
  Missing documentation for:
    Parser (src/Text/ParserCombinators/HuttonMeijerWallace.hs:66)
    chainl (src/Text/ParserCombinators/HuttonMeijerWallace.hs:220)
    chainl1 (src/Text/ParserCombinators/HuttonMeijerWallace.hs:224)
    chainr (src/Text/ParserCombinators/HuttonMeijerWallace.hs:230)
    chainr1 (src/Text/ParserCombinators/HuttonMeijerWallace.hs:234)
    ops (src/Text/ParserCombinators/HuttonMeijerWallace.hs:243)
    bracket (src/Text/ParserCombinators/HuttonMeijerWallace.hs:246)
   6% (  2 / 36) in 'Text.ParserCombinators.HuttonMeijer'
  Missing documentation for:
    item (src/Text/ParserCombinators/HuttonMeijer.hs:83)
    first (src/Text/ParserCombinators/HuttonMeijer.hs:88)
    papply (src/Text/ParserCombinators/HuttonMeijer.hs:93)
    +++ (src/Text/ParserCombinators/HuttonMeijer.hs:100)
    sat (src/Text/ParserCombinators/HuttonMeijer.hs:103)
    many (src/Text/ParserCombinators/HuttonMeijer.hs:109)
    many1 (src/Text/ParserCombinators/HuttonMeijer.hs:113)
    sepby (src/Text/ParserCombinators/HuttonMeijer.hs:116)
    sepby1 (src/Text/ParserCombinators/HuttonMeijer.hs:119)
    chainl (src/Text/ParserCombinators/HuttonMeijer.hs:122)
    chainl1 (src/Text/ParserCombinators/HuttonMeijer.hs:125)
    chainr (src/Text/ParserCombinators/HuttonMeijer.hs:131)
    chainr1 (src/Text/ParserCombinators/HuttonMeijer.hs:134)
    ops (src/Text/ParserCombinators/HuttonMeijer.hs:140)
    bracket (src/Text/ParserCombinators/HuttonMeijer.hs:143)
    char (src/Text/ParserCombinators/HuttonMeijer.hs:150)
    digit (src/Text/ParserCombinators/HuttonMeijer.hs:153)
    lower (src/Text/ParserCombinators/HuttonMeijer.hs:156)
    upper (src/Text/ParserCombinators/HuttonMeijer.hs:159)
    letter (src/Text/ParserCombinators/HuttonMeijer.hs:162)
    alphanum (src/Text/ParserCombinators/HuttonMeijer.hs:165)
    string (src/Text/ParserCombinators/HuttonMeijer.hs:168)
    ident (src/Text/ParserCombinators/HuttonMeijer.hs:172)
    nat (src/Text/ParserCombinators/HuttonMeijer.hs:175)
    int (src/Text/ParserCombinators/HuttonMeijer.hs:180)
    spaces (src/Text/ParserCombinators/HuttonMeijer.hs:187)
    comment (src/Text/ParserCombinators/HuttonMeijer.hs:190)
    junk (src/Text/ParserCombinators/HuttonMeijer.hs:200)
    skip (src/Text/ParserCombinators/HuttonMeijer.hs:203)
    token (src/Text/ParserCombinators/HuttonMeijer.hs:206)
    natural (src/Text/ParserCombinators/HuttonMeijer.hs:213)
    integer (src/Text/ParserCombinators/HuttonMeijer.hs:216)
    symbol (src/Text/ParserCombinators/HuttonMeijer.hs:219)
    identifier (src/Text/ParserCombinators/HuttonMeijer.hs:222)
Warning: Text.ParserCombinators.HuttonMeijerWallace: could not find link destinations for:
    ParseResult
Warning: Text.ParserCombinators.HuttonMeijer: could not find link destinations for:
    Token
Documentation created:
dist/dist-sandbox-57458922/doc/html/polyparse/index.html
Creating package registration file:
/var/folders/jr/fxbzfdr93t55nss4llgwbxtm0000gn/T/pkgConf-polyparse-1172315317770982397.12
Installing library in
/Users/michaelcalvey/code/exp/learn_haskell/haq/.cabal-sandbox/lib/x86_64-osx-ghc-8.0.1/polyparse-1.12-FkXEOA8o2Io9i7TJcmDT44
Registering polyparse-1.12...
cabal: Leaving directory '/var/folders/jr/fxbzfdr93t55nss4llgwbxtm0000gn/T/cabal-tmp-50865/polyparse-1.12'
