cabal: Entering directory '/var/folders/jr/fxbzfdr93t55nss4llgwbxtm0000gn/T/cabal-tmp-50871/syb-0.6'
Configuring syb-0.6...
Building syb-0.6...
Preprocessing library syb-0.6...
[ 1 of 16] Compiling Data.Generics.Basics ( src/Data/Generics/Basics.hs, dist/dist-sandbox-57458922/build/Data/Generics/Basics.o )
[ 2 of 16] Compiling Generics.SYB.Basics ( src/Generics/SYB/Basics.hs, dist/dist-sandbox-57458922/build/Generics/SYB/Basics.o )
[ 3 of 16] Compiling Data.Generics.Instances ( src/Data/Generics/Instances.hs, dist/dist-sandbox-57458922/build/Data/Generics/Instances.o )
[ 4 of 16] Compiling Generics.SYB.Instances ( src/Generics/SYB/Instances.hs, dist/dist-sandbox-57458922/build/Generics/SYB/Instances.o )
[ 5 of 16] Compiling Data.Generics.Aliases ( src/Data/Generics/Aliases.hs, dist/dist-sandbox-57458922/build/Data/Generics/Aliases.o )

src/Data/Generics/Aliases.hs:181:1: warning: [-Wredundant-constraints]
    • Redundant constraint: Monad m
    • In the type signature for:
           extM :: (Monad m, Typeable a, Typeable b) =>
                   (a -> m a) -> (b -> m b) -> a -> m a

src/Data/Generics/Aliases.hs:207:1: warning: [-Wredundant-constraints]
    • Redundant constraint: Monad m
    • In the type signature for:
           extR :: (Monad m, Typeable a, Typeable b) => m a -> m b -> m a

src/Data/Generics/Aliases.hs:338:1: warning: [-Wredundant-constraints]
    • Redundant constraint: Monad m
    • In the type signature for:
           ext1M :: (Monad m, Data d, Typeable t) =>
                    (forall e. Data e => e -> m e)
                    -> (forall f. Data f => t f -> m (t f)) -> d -> m d

src/Data/Generics/Aliases.hs:354:1: warning: [-Wredundant-constraints]
    • Redundant constraint: Monad m
    • In the type signature for:
           ext1R :: (Monad m, Data d, Typeable t) =>
                    m d -> (forall e. Data e => m (t e)) -> m d

src/Data/Generics/Aliases.hs:389:1: warning: [-Wredundant-constraints]
    • Redundant constraint: Monad m
    • In the type signature for:
           ext2M :: (Monad m, Data d, Typeable t) =>
                    (forall e. Data e => e -> m e)
                    -> (forall d1 d2. (Data d1, Data d2) => t d1 d2 -> m (t d1 d2))
                    -> d
                    -> m d

src/Data/Generics/Aliases.hs:405:1: warning: [-Wredundant-constraints]
    • Redundant constraint: Monad m
    • In the type signature for:
           ext2R :: (Monad m, Data d, Typeable t) =>
                    m d -> (forall d1 d2. (Data d1, Data d2) => m (t d1 d2)) -> m d
[ 6 of 16] Compiling Data.Generics.Schemes ( src/Data/Generics/Schemes.hs, dist/dist-sandbox-57458922/build/Data/Generics/Schemes.o )
[ 7 of 16] Compiling Generics.SYB.Schemes ( src/Generics/SYB/Schemes.hs, dist/dist-sandbox-57458922/build/Generics/SYB/Schemes.o )
[ 8 of 16] Compiling Data.Generics.Text ( src/Data/Generics/Text.hs, dist/dist-sandbox-57458922/build/Data/Generics/Text.o )
[ 9 of 16] Compiling Generics.SYB.Text ( src/Generics/SYB/Text.hs, dist/dist-sandbox-57458922/build/Generics/SYB/Text.o )
[10 of 16] Compiling Data.Generics.Twins ( src/Data/Generics/Twins.hs, dist/dist-sandbox-57458922/build/Data/Generics/Twins.o )
[11 of 16] Compiling Generics.SYB.Twins ( src/Generics/SYB/Twins.hs, dist/dist-sandbox-57458922/build/Generics/SYB/Twins.o )
[12 of 16] Compiling Data.Generics.Builders ( src/Data/Generics/Builders.hs, dist/dist-sandbox-57458922/build/Data/Generics/Builders.o )

src/Data/Generics/Builders.hs:33:3: warning: [-Wredundant-constraints]
    • Redundant constraint: Data a
    • In the type signature for:
           general :: Data a => a
      In an equation for ‘empty’:
          empty
            = general `extB` char `extB` int `extB` integer `extB` float
              `extB` double
            where
                general :: Data a => a
                general = fromConstrB empty (indexConstr (dataTypeOf general) 1)
                char = '\NUL'
                int = 0 :: Int
                ....
[13 of 16] Compiling Generics.SYB.Builders ( src/Generics/SYB/Builders.hs, dist/dist-sandbox-57458922/build/Generics/SYB/Builders.o )
[14 of 16] Compiling Generics.SYB.Aliases ( src/Generics/SYB/Aliases.hs, dist/dist-sandbox-57458922/build/Generics/SYB/Aliases.o )
[15 of 16] Compiling Data.Generics    ( src/Data/Generics.hs, dist/dist-sandbox-57458922/build/Data/Generics.o )
[16 of 16] Compiling Generics.SYB     ( src/Generics/SYB.hs, dist/dist-sandbox-57458922/build/Generics/SYB.o )
[ 1 of 16] Compiling Data.Generics.Basics ( src/Data/Generics/Basics.hs, dist/dist-sandbox-57458922/build/Data/Generics/Basics.p_o )
[ 2 of 16] Compiling Generics.SYB.Basics ( src/Generics/SYB/Basics.hs, dist/dist-sandbox-57458922/build/Generics/SYB/Basics.p_o )
[ 3 of 16] Compiling Data.Generics.Instances ( src/Data/Generics/Instances.hs, dist/dist-sandbox-57458922/build/Data/Generics/Instances.p_o )
[ 4 of 16] Compiling Generics.SYB.Instances ( src/Generics/SYB/Instances.hs, dist/dist-sandbox-57458922/build/Generics/SYB/Instances.p_o )
[ 5 of 16] Compiling Data.Generics.Aliases ( src/Data/Generics/Aliases.hs, dist/dist-sandbox-57458922/build/Data/Generics/Aliases.p_o )

src/Data/Generics/Aliases.hs:181:1: warning: [-Wredundant-constraints]
    • Redundant constraint: Monad m
    • In the type signature for:
           extM :: (Monad m, Typeable a, Typeable b) =>
                   (a -> m a) -> (b -> m b) -> a -> m a

src/Data/Generics/Aliases.hs:207:1: warning: [-Wredundant-constraints]
    • Redundant constraint: Monad m
    • In the type signature for:
           extR :: (Monad m, Typeable a, Typeable b) => m a -> m b -> m a

src/Data/Generics/Aliases.hs:338:1: warning: [-Wredundant-constraints]
    • Redundant constraint: Monad m
    • In the type signature for:
           ext1M :: (Monad m, Data d, Typeable t) =>
                    (forall e. Data e => e -> m e)
                    -> (forall f. Data f => t f -> m (t f)) -> d -> m d

src/Data/Generics/Aliases.hs:354:1: warning: [-Wredundant-constraints]
    • Redundant constraint: Monad m
    • In the type signature for:
           ext1R :: (Monad m, Data d, Typeable t) =>
                    m d -> (forall e. Data e => m (t e)) -> m d

src/Data/Generics/Aliases.hs:389:1: warning: [-Wredundant-constraints]
    • Redundant constraint: Monad m
    • In the type signature for:
           ext2M :: (Monad m, Data d, Typeable t) =>
                    (forall e. Data e => e -> m e)
                    -> (forall d1 d2. (Data d1, Data d2) => t d1 d2 -> m (t d1 d2))
                    -> d
                    -> m d

src/Data/Generics/Aliases.hs:405:1: warning: [-Wredundant-constraints]
    • Redundant constraint: Monad m
    • In the type signature for:
           ext2R :: (Monad m, Data d, Typeable t) =>
                    m d -> (forall d1 d2. (Data d1, Data d2) => m (t d1 d2)) -> m d
[ 6 of 16] Compiling Data.Generics.Schemes ( src/Data/Generics/Schemes.hs, dist/dist-sandbox-57458922/build/Data/Generics/Schemes.p_o )
[ 7 of 16] Compiling Generics.SYB.Schemes ( src/Generics/SYB/Schemes.hs, dist/dist-sandbox-57458922/build/Generics/SYB/Schemes.p_o )
[ 8 of 16] Compiling Data.Generics.Text ( src/Data/Generics/Text.hs, dist/dist-sandbox-57458922/build/Data/Generics/Text.p_o )
[ 9 of 16] Compiling Generics.SYB.Text ( src/Generics/SYB/Text.hs, dist/dist-sandbox-57458922/build/Generics/SYB/Text.p_o )
[10 of 16] Compiling Data.Generics.Twins ( src/Data/Generics/Twins.hs, dist/dist-sandbox-57458922/build/Data/Generics/Twins.p_o )
[11 of 16] Compiling Generics.SYB.Twins ( src/Generics/SYB/Twins.hs, dist/dist-sandbox-57458922/build/Generics/SYB/Twins.p_o )
[12 of 16] Compiling Data.Generics.Builders ( src/Data/Generics/Builders.hs, dist/dist-sandbox-57458922/build/Data/Generics/Builders.p_o )

src/Data/Generics/Builders.hs:33:3: warning: [-Wredundant-constraints]
    • Redundant constraint: Data a
    • In the type signature for:
           general :: Data a => a
      In an equation for ‘empty’:
          empty
            = general `extB` char `extB` int `extB` integer `extB` float
              `extB` double
            where
                general :: Data a => a
                general = fromConstrB empty (indexConstr (dataTypeOf general) 1)
                char = '\NUL'
                int = 0 :: Int
                ....
[13 of 16] Compiling Generics.SYB.Builders ( src/Generics/SYB/Builders.hs, dist/dist-sandbox-57458922/build/Generics/SYB/Builders.p_o )
[14 of 16] Compiling Generics.SYB.Aliases ( src/Generics/SYB/Aliases.hs, dist/dist-sandbox-57458922/build/Generics/SYB/Aliases.p_o )
[15 of 16] Compiling Data.Generics    ( src/Data/Generics.hs, dist/dist-sandbox-57458922/build/Data/Generics.p_o )
[16 of 16] Compiling Generics.SYB     ( src/Generics/SYB.hs, dist/dist-sandbox-57458922/build/Generics/SYB.p_o )
Running Haddock for syb-0.6...
Preprocessing library syb-0.6...

src/Data/Generics/Aliases.hs:181:1: warning: [-Wredundant-constraints]
    • Redundant constraint: Monad m
    • In the type signature for:
           extM :: (Monad m, Typeable a, Typeable b) =>
                   (a -> m a) -> (b -> m b) -> a -> m a

src/Data/Generics/Aliases.hs:207:1: warning: [-Wredundant-constraints]
    • Redundant constraint: Monad m
    • In the type signature for:
           extR :: (Monad m, Typeable a, Typeable b) => m a -> m b -> m a

src/Data/Generics/Aliases.hs:338:1: warning: [-Wredundant-constraints]
    • Redundant constraint: Monad m
    • In the type signature for:
           ext1M :: (Monad m, Data d, Typeable t) =>
                    (forall e. Data e => e -> m e)
                    -> (forall f. Data f => t f -> m (t f)) -> d -> m d

src/Data/Generics/Aliases.hs:354:1: warning: [-Wredundant-constraints]
    • Redundant constraint: Monad m
    • In the type signature for:
           ext1R :: (Monad m, Data d, Typeable t) =>
                    m d -> (forall e. Data e => m (t e)) -> m d

src/Data/Generics/Aliases.hs:389:1: warning: [-Wredundant-constraints]
    • Redundant constraint: Monad m
    • In the type signature for:
           ext2M :: (Monad m, Data d, Typeable t) =>
                    (forall e. Data e => e -> m e)
                    -> (forall d1 d2. (Data d1, Data d2) => t d1 d2 -> m (t d1 d2))
                    -> d
                    -> m d

src/Data/Generics/Aliases.hs:405:1: warning: [-Wredundant-constraints]
    • Redundant constraint: Monad m
    • In the type signature for:
           ext2R :: (Monad m, Data d, Typeable t) =>
                    m d -> (forall d1 d2. (Data d1, Data d2) => m (t d1 d2)) -> m d

src/Data/Generics/Builders.hs:33:3: warning: [-Wredundant-constraints]
    • Redundant constraint: Data a
    • In the type signature for:
           general :: Data a => a
      In an equation for ‘empty’:
          empty
            = general `extB` char `extB` int `extB` integer `extB` float
              `extB` double
            where
                general :: Data a => a
                general = fromConstrB empty (indexConstr (dataTypeOf general) 1)
                char = '\NUL'
                int = 0 :: Int
                ....
Haddock coverage:
 100% (  2 /  2) in 'Data.Generics.Basics'
 100% (  2 /  2) in 'Generics.SYB.Basics'
 100% (  1 /  1) in 'Data.Generics.Instances'
 100% (  1 /  1) in 'Generics.SYB.Instances'
  96% ( 43 / 45) in 'Data.Generics.Aliases'
  Missing documentation for:
    GenericQ' (src/Data/Generics/Aliases.hs:268)
    GenericM' (src/Data/Generics/Aliases.hs:269)
 100% ( 19 / 19) in 'Data.Generics.Schemes'
 100% (  2 /  2) in 'Generics.SYB.Schemes'
 100% (  6 /  6) in 'Data.Generics.Text'
 100% (  2 /  2) in 'Generics.SYB.Text'
 100% ( 17 / 17) in 'Data.Generics.Twins'
 100% (  2 /  2) in 'Generics.SYB.Twins'
 100% (  3 /  3) in 'Data.Generics.Builders'
 100% (  2 /  2) in 'Generics.SYB.Builders'
 100% (  2 /  2) in 'Generics.SYB.Aliases'
 100% (  8 /  8) in 'Data.Generics'
 100% (  2 /  2) in 'Generics.SYB'
Documentation created: dist/dist-sandbox-57458922/doc/html/syb/index.html
Creating package registration file:
/var/folders/jr/fxbzfdr93t55nss4llgwbxtm0000gn/T/pkgConf-syb-01137623865997389814.6
Installing library in
/Users/michaelcalvey/code/exp/learn_haskell/haq/.cabal-sandbox/lib/x86_64-osx-ghc-8.0.1/syb-0.6-C65vWCsht6A8uLstpQIXyj
Registering syb-0.6...
cabal: Leaving directory '/var/folders/jr/fxbzfdr93t55nss4llgwbxtm0000gn/T/cabal-tmp-50871/syb-0.6'
